2021-12-31 13:36:00,329 INFO  [Log] Test called: menuju website berhasil masuk halaman awal akses https://shop.demoqa.com/ has started 
2021-12-31 13:41:25,664 INFO  [Log] Test called: menuju website berhasil masuk halaman awal akses https://shop.demoqa.com/ has started 
2021-12-31 13:55:42,412 INFO  [Log] Test called: menuju website berhasil masuk halaman awal akses https://shop.demoqa.com/ has started 
2021-12-31 13:58:17,493 INFO  [Log] Test called: menuju website berhasil masuk halaman awal akses https://shop.demoqa.com/ has started 
2022-01-01 09:28:08,080 INFO  [Log] Test called: test case Register dan Login ke akun https://shop.demoqa.com/ has started 
2022-01-01 09:28:32,322 INFO  [Log] INFO: Navigating to https://shop.demoqa.com/ 
2022-01-01 09:28:40,775 INFO  [Log] Test called: test case Pemakaian fitur cart dari barang yang akan dibeli has started 
2022-01-01 09:28:53,933 INFO  [Log] Test called: test case Fitur checkout pembelian seluruh item barang has started 
2022-01-01 09:37:11,473 INFO  [Log] Test called: test case Register dan Login ke akun https://shop.demoqa.com/ has started 
2022-01-01 09:37:35,525 INFO  [Log] INFO: Navigating to https://shop.demoqa.com/ 
2022-01-01 09:37:48,197 INFO  [Log] Test called: test case Pemakaian fitur cart dari barang yang akan dibeli has started 
2022-01-01 09:37:58,713 INFO  [Log] Test called: test case Register dan Login ke akun https://shop.demoqa.com/ has started 
2022-01-01 09:38:00,724 INFO  [Log] Test called: test case Fitur checkout pembelian seluruh item barang has started 
2022-01-01 09:38:22,510 INFO  [Log] INFO: Navigating to https://shop.demoqa.com/ 
2022-01-01 09:38:28,205 INFO  [Log] Test called: test case Pemakaian fitur cart dari barang yang akan dibeli has started 
2022-01-01 09:38:34,665 INFO  [Log] Test called: test case Fitur checkout pembelian seluruh item barang has started2022-01-01 10:03:43,448 INFO  [Log] Test called: test case Register dan Login ke akun https://shop.demoqa.com/ has started 
2022-01-01 10:04:11,846 INFO  [Log] INFO: Navigating to https://shop.demoqa.com/ 
2022-01-01 10:04:29,283 INFO  [Log] Test called: test case Pemakaian fitur cart dari barang yang akan dibeli has started 
2022-01-01 10:04:37,238 INFO  [Log] Test called: test case Fitur checkout pembelian seluruh item barang has started 
2022-01-01 10:07:44,652 INFO  [Log] Test called: test case Register dan Login ke akun https://shop.demoqa.com/ has started 
2022-01-01 10:08:18,224 INFO  [Log] INFO: Navigating to https://shop.demoqa.com/ 
2022-01-01 10:08:25,992 INFO  [Log] Test called: test case Pemakaian fitur cart dari barang yang akan dibeli has started 
2022-01-01 10:08:33,964 INFO  [Log] Test called: test case Fitur checkout pembelian seluruh item barang has started 
2022-01-01 10:09:52,872 INFO  [Log] Test called: test case Register dan Login ke akun https://shop.demoqa.com/ has started 
2022-01-01 10:10:19,407 INFO  [Log] INFO: Navigating to https://shop.demoqa.com/ 
2022-01-01 10:10:26,850 INFO  [Log] Test called: test case Pemakaian fitur cart dari barang yang akan dibeli has started 
2022-01-01 10:10:37,576 INFO  [Log] Test called: test case Fitur checkout pembelian seluruh item barang has started 
2022-01-01 10:13:04,544 INFO  [Log] Test called: test case Register dan Login ke akun https://shop.demoqa.com/ has started 
2022-01-01 10:13:34,851 INFO  [Log] INFO: Navigating to https://shop.demoqa.com/ 
2022-01-01 10:13:42,219 INFO  [Log] Test called: test case Pemakaian fitur cart dari barang yang akan dibeli has started 
2022-01-01 10:13:50,542 INFO  [Log] Test called: test case Fitur checkout pembelian seluruh item barang has started 
2022-01-01 10:16:44,329 INFO  [Log] Test called: test case Register dan Login ke akun https://shop.demoqa.com/ has started 
2022-01-01 10:17:05,528 INFO  [Log] INFO: Navigating to https://shop.demoqa.com/ 
2022-01-01 10:17:12,228 INFO  [Log] Test called: test case Pemakaian fitur cart dari barang yang akan dibeli has started 
2022-01-01 10:17:32,014 INFO  [Log] Test called: test case Fitur checkout pembelian seluruh item barang has started 
2022-01-01 10:19:47,879 INFO  [Log] Test called: test case Register dan Login ke akun https://shop.demoqa.com/ has started 
2022-01-01 10:20:21,283 INFO  [Log] INFO: Navigating to https://shop.demoqa.com/ 
2022-01-01 10:20:29,183 INFO  [Log] Test called: test case Pemakaian fitur cart dari barang yang akan dibeli has started 
2022-01-01 10:20:49,498 INFO  [Log] Test called: test case Fitur checkout pembelian seluruh item barang has started 
2022-01-01 10:22:01,670 INFO  [Log] Test called: test case Register dan Login ke akun https://shop.demoqa.com/ has started 
2022-01-01 10:22:38,975 INFO  [Log] INFO: Navigating to https://shop.demoqa.com/ 
2022-01-01 10:22:48,002 INFO  [Log] Test called: test case Pemakaian fitur cart dari barang yang akan dibeli has started 
2022-01-01 10:23:08,827 INFO  [Log] Test called: test case Fitur checkout pembelian seluruh item barang has started 
2022-01-01 10:28:42,231 INFO  [Log] Test called: test case Register dan Login ke akun https://shop.demoqa.com/ has started 
2022-01-01 10:29:06,556 INFO  [Log] INFO: Navigating to https://shop.demoqa.com/ 
2022-01-01 10:29:13,041 INFO  [Log] Test called: test case Pemakaian fitur cart dari barang yang akan dibeli has started 
2022-01-01 10:29:27,993 INFO  [Log] Test called: test case Fitur checkout pembelian seluruh item barang has started 
2022-01-01 10:30:57,313 INFO  [Log] Test called: test case Register dan Login ke akun https://shop.demoqa.com/ has started 
2022-01-01 10:31:23,500 INFO  [Log] INFO: Navigating to https://shop.demoqa.com/ 
2022-01-01 10:31:31,406 INFO  [Log] Test called: test case Pemakaian fitur cart dari barang yang akan dibeli has started 
2022-01-01 10:32:52,288 INFO  [Log] Test called: test case Fitur checkout pembelian seluruh item barang has started 
2022-01-01 10:39:27,952 INFO  [Log] Test called: test case Register dan Login ke akun https://shop.demoqa.com/ has started 
2022-01-01 10:39:56,326 INFO  [Log] INFO: Navigating to https://shop.demoqa.com/ 
2022-01-01 10:40:04,708 INFO  [Log] Test called: test case Pemakaian fitur cart dari barang yang akan dibeli has started 
2022-01-01 10:40:20,025 INFO  [Log] Test called: test case Fitur checkout pembelian seluruh item barang has started 
2022-01-01 10:41:59,157 INFO  [Log] Test called: test case Register dan Login ke akun https://shop.demoqa.com/ has started 
2022-01-01 10:42:23,131 INFO  [Log] INFO: Navigating to https://shop.demoqa.com/ 
2022-01-01 10:42:30,671 INFO  [Log] Test called: test case Pemakaian fitur cart dari barang yang akan dibeli has started 
2022-01-01 10:42:45,020 INFO  [Log] Test called: test case Fitur checkout pembelian seluruh item barang has started 
2022-01-01 10:44:08,210 INFO  [Log] Test called: test case Register dan Login ke akun https://shop.demoqa.com/ has started 
2022-01-01 10:44:35,171 INFO  [Log] INFO: Navigating to https://shop.demoqa.com/ 
2022-01-01 10:44:41,736 INFO  [Log] Test called: test case Pemakaian fitur cart dari barang yang akan dibeli has started 
2022-01-01 10:45:36,193 INFO  [Log] Test called: test case Fitur checkout pembelian seluruh item barang has started 
2022-01-01 10:46:16,370 INFO  [Log] Test called: test case Register dan Login ke akun https://shop.demoqa.com/ has started 
2022-01-01 10:46:48,054 INFO  [Log] INFO: Navigating to https://shop.demoqa.com/ 
2022-01-01 10:47:03,514 INFO  [Log] Test called: test case Pemakaian fitur cart dari barang yang akan dibeli has started 
2022-01-01 10:47:50,373 INFO  [Log] Test called: test case Fitur checkout pembelian seluruh item barang has started 
2022-01-01 10:50:01,864 INFO  [Log] Test called: test case Register dan Login ke akun https://shop.demoqa.com/ has started 
2022-01-01 10:50:28,398 INFO  [Log] INFO: Navigating to https://shop.demoqa.com/ 
2022-01-01 10:50:34,718 INFO  [Log] Test called: test case Pemakaian fitur cart dari barang yang akan dibeli has started 
2022-01-01 10:50:49,889 INFO  [Log] Test called: test case Fitur checkout pembelian seluruh item barang has started 
2022-01-01 10:53:16,941 INFO  [Log] Test called: test case Register dan Login ke akun https://shop.demoqa.com/ has started 
2022-01-01 10:53:42,083 INFO  [Log] INFO: Navigating to https://shop.demoqa.com/ 
2022-01-01 10:53:48,799 INFO  [Log] Test called: test case Pemakaian fitur cart dari barang yang akan dibeli has started 
2022-01-01 10:54:06,373 INFO  [Log] Test called: test case Fitur checkout pembelian seluruh item barang has started 
2022-01-01 10:55:11,590 INFO  [Log] Test called: test case Register dan Login ke akun https://shop.demoqa.com/ has started 
2022-01-01 10:55:38,519 INFO  [Log] INFO: Navigating to https://shop.demoqa.com/ 
2022-01-01 10:55:47,444 INFO  [Log] Test called: test case Pemakaian fitur cart dari barang yang akan dibeli has started 
2022-01-01 10:56:09,038 INFO  [Log] Test called: test case Fitur checkout pembelian seluruh item barang has started 
2022-01-01 11:07:59,364 INFO  [Log] Test called: test case Register dan Login ke akun https://shop.demoqa.com/ has started 
2022-01-01 11:08:24,165 INFO  [Log] INFO: Navigating to https://shop.demoqa.com/ 
2022-01-01 11:08:32,225 INFO  [Log] Test called: test case Pemakaian fitur cart dari barang yang akan dibeli has started 
2022-01-01 11:08:49,224 INFO  [Log] Test called: test case Fitur checkout pembelian seluruh item barang has started 
2022-01-01 11:11:26,762 INFO  [Log] Test called: test case Register dan Login ke akun https://shop.demoqa.com/ has started 
2022-01-01 11:11:50,472 INFO  [Log] INFO: Navigating to https://shop.demoqa.com/ 
2022-01-01 11:11:58,959 INFO  [Log] Test called: test case Pemakaian fitur cart dari barang yang akan dibeli has started 
2022-01-01 11:12:15,696 INFO  [Log] Test called: test case Fitur checkout pembelian seluruh item barang has started 
2022-01-01 11:16:43,557 INFO  [Log] Test called: test case Register dan Login ke akun https://shop.demoqa.com/ has started 
2022-01-01 11:17:07,971 INFO  [Log] INFO: Navigating to https://shop.demoqa.com/ 
2022-01-01 11:17:18,034 INFO  [Log] Test called: test case Pemakaian fitur cart dari barang yang akan dibeli has started 
2022-01-01 11:17:43,061 INFO  [Log] Test called: test case Fitur checkout pembelian seluruh item barang has started 
2022-01-01 11:24:43,897 INFO  [Log] Test called: test case Register dan Login ke akun https://shop.demoqa.com/ has started 
2022-01-01 11:25:14,722 INFO  [Log] INFO: Navigating to https://shop.demoqa.com/ 
2022-01-01 11:25:23,935 INFO  [Log] Test called: test case Pemakaian fitur cart dari barang yang akan dibeli has started 
2022-01-01 11:25:39,210 INFO  [Log] Test called: test case Fitur checkout pembelian seluruh item barang has started 
2022-01-01 11:28:09,055 INFO  [Log] Test called: test case Register dan Login ke akun https://shop.demoqa.com/ has started 
2022-01-01 11:28:35,461 INFO  [Log] INFO: Navigating to https://shop.demoqa.com/ 
2022-01-01 11:28:45,142 INFO  [Log] Test called: test case Pemakaian fitur cart dari barang yang akan dibeli has started 
2022-01-01 11:29:21,449 INFO  [Log] Test called: test case Fitur checkout pembelian seluruh item barang has started 
2022-01-01 11:31:56,154 INFO  [Log] Test called: test case Register dan Login ke akun https://shop.demoqa.com/ has started 
2022-01-01 11:32:22,359 INFO  [Log] INFO: Navigating to https://shop.demoqa.com/ 
2022-01-01 11:32:31,405 INFO  [Log] Test called: test case Pemakaian fitur cart dari barang yang akan dibeli has started 
2022-01-01 11:32:46,503 INFO  [Log] Test called: test case Fitur checkout pembelian seluruh item barang has started 
2022-01-01 11:34:56,516 INFO  [Log] Test called: test case Register dan Login ke akun https://shop.demoqa.com/ has started 
2022-01-01 11:35:21,153 INFO  [Log] INFO: Navigating to https://shop.demoqa.com/ 
2022-01-01 11:35:30,009 INFO  [Log] Test called: test case Pemakaian fitur cart dari barang yang akan dibeli has started 
2022-01-01 11:35:46,534 INFO  [Log] Test called: test case Fitur checkout pembelian seluruh item barang has started 
2022-01-01 11:36:58,719 INFO  [Log] Test called: test case Register dan Login ke akun https://shop.demoqa.com/ has started 
2022-01-01 11:37:22,202 INFO  [Log] INFO: Navigating to https://shop.demoqa.com/ 
2022-01-01 11:37:31,654 INFO  [Log] Test called: test case Pemakaian fitur cart dari barang yang akan dibeli has started 
2022-01-01 11:37:50,315 INFO  [Log] Test called: test case Fitur checkout pembelian seluruh item barang has started 
2022-01-01 11:40:38,001 INFO  [Log] Test called: test case Register dan Login ke akun https://shop.demoqa.com/ has started 
2022-01-01 11:41:03,076 INFO  [Log] INFO: Navigating to https://shop.demoqa.com/ 
2022-01-01 11:41:13,040 INFO  [Log] Test called: test case Pemakaian fitur cart dari barang yang akan dibeli has started 
2022-01-01 11:41:29,834 INFO  [Log] Test called: test case Fitur checkout pembelian seluruh item barang has started 
2022-01-01 11:43:27,904 INFO  [Log] Test called: test case Register dan Login ke akun https://shop.demoqa.com/ has started 
2022-01-01 11:43:52,803 INFO  [Log] INFO: Navigating to https://shop.demoqa.com/ 
2022-01-01 11:44:04,346 INFO  [Log] Test called: test case Pemakaian fitur cart dari barang yang akan dibeli has started 
2022-01-01 11:44:19,429 INFO  [Log] Test called: test case Fitur checkout pembelian seluruh item barang has started 
2022-01-01 11:44:49,809 INFO  [Log] Test called: test case Register dan Login ke akun https://shop.demoqa.com/ has started 
2022-01-01 11:45:17,327 INFO  [Log] INFO: Navigating to https://shop.demoqa.com/ 
2022-01-01 11:45:28,320 INFO  [Log] Test called: test case Pemakaian fitur cart dari barang yang akan dibeli has started 
2022-01-01 11:45:44,417 INFO  [Log] Test called: test case Fitur checkout pembelian seluruh item barang has started 
2022-01-01 11:48:10,360 INFO  [Log] Test called: test case Register dan Login ke akun https://shop.demoqa.com/ has started 
2022-01-01 11:48:34,461 INFO  [Log] INFO: Navigating to https://shop.demoqa.com/ 
2022-01-01 11:48:42,377 INFO  [Log] Test called: test case Pemakaian fitur cart dari barang yang akan dibeli has started 
2022-01-01 11:48:55,499 INFO  [Log] Test called: test case Fitur checkout pembelian seluruh item barang has started 
2022-01-01 11:50:27,207 INFO  [Log] Test called: test case Register dan Login ke akun https://shop.demoqa.com/ has started 
2022-01-01 11:50:52,245 INFO  [Log] INFO: Navigating to https://shop.demoqa.com/ 
2022-01-01 11:51:04,526 INFO  [Log] Test called: test case Pemakaian fitur cart dari barang yang akan dibeli has started 
2022-01-01 11:51:18,713 INFO  [Log] Test called: test case Fitur checkout pembelian seluruh item barang has started 
2022-01-01 11:51:33,248 INFO  [Log] Test called: test case Register dan Login ke akun https://shop.demoqa.com/ has started 
2022-01-01 11:51:56,320 INFO  [Log] INFO: Navigating to https://shop.demoqa.com/ 
2022-01-01 11:52:05,802 INFO  [Log] Test called: test case Pemakaian fitur cart dari barang yang akan dibeli has started 
2022-01-01 11:52:23,175 INFO  [Log] Test called: test case Fitur checkout pembelian seluruh item barang has started 
2022-01-01 11:53:16,775 INFO  [Log] Test called: test case Register dan Login ke akun https://shop.demoqa.com/ has started 
2022-01-01 11:53:45,175 INFO  [Log] INFO: Navigating to https://shop.demoqa.com/ 
2022-01-01 11:53:54,148 INFO  [Log] Test called: test case Pemakaian fitur cart dari barang yang akan dibeli has started 
2022-01-01 11:54:11,784 INFO  [Log] Test called: test case Fitur checkout pembelian seluruh item barang has started 
2022-01-01 12:01:56,554 INFO  [Log] Test called: test case Register dan Login ke akun https://shop.demoqa.com/ has started 
2022-01-01 12:02:20,449 INFO  [Log] INFO: Navigating to https://shop.demoqa.com/ 
2022-01-01 12:02:30,618 INFO  [Log] Test called: test case Pemakaian fitur cart dari barang yang akan dibeli has started 
2022-01-01 12:02:46,928 INFO  [Log] Test called: test case Fitur checkout pembelian seluruh item barang has started 
2022-01-01 12:10:01,040 INFO  [Log] Test called: test case Register dan Login ke akun https://shop.demoqa.com/ has started 
2022-01-01 12:10:25,076 INFO  [Log] INFO: Navigating to https://shop.demoqa.com/ 
2022-01-01 12:10:31,237 INFO  [Log] Test called: test case Pemakaian fitur cart dari barang yang akan dibeli has started 
2022-01-01 12:10:43,239 INFO  [Log] Test called: test case Fitur checkout pembelian seluruh item barang has started 
2022-01-01 12:14:39,274 INFO  [Log] Test called: test case Register dan Login ke akun https://shop.demoqa.com/ has started 
2022-01-01 12:15:08,481 INFO  [Log] INFO: Navigating to https://shop.demoqa.com/ 
2022-01-01 12:15:14,686 INFO  [Log] Test called: test case Pemakaian fitur cart dari barang yang akan dibeli has started 
2022-01-01 12:15:50,208 INFO  [Log] Test called: test case Fitur checkout pembelian seluruh item barang has started 
2022-01-01 13:36:22,229 INFO  [Log] Test called: test case Register dan Login ke akun https://shop.demoqa.com/ has started 
2022-01-01 13:36:46,853 INFO  [Log] INFO: Navigating to https://shop.demoqa.com/ 
2022-01-01 13:36:54,082 INFO  [Log] Test called: test case Pemakaian fitur cart dari barang yang akan dibeli has started 
2022-01-01 13:37:25,868 INFO  [Log] Test called: test case Fitur checkout pembelian seluruh item barang has started 
2022-01-01 13:46:02,260 INFO  [Log] Test called: test case Register dan Login ke akun https://shop.demoqa.com/ has started 
2022-01-01 13:46:24,916 INFO  [Log] INFO: Navigating to https://shop.demoqa.com/ 
2022-01-01 13:46:25,242 INFO  [Log] Test called: test case Pemakaian fitur cart dari barang yang akan dibeli has started 
2022-01-01 13:46:25,325 INFO  [Log] Test called: test case Fitur checkout pembelian seluruh item barang has started 
2022-01-01 13:46:56,499 INFO  [Log] Test called: test case Register dan Login ke akun https://shop.demoqa.com/ has started 
2022-01-01 13:47:21,541 INFO  [Log] INFO: Navigating to https://shop.demoqa.com/ 
2022-01-01 13:47:46,699 INFO  [Log] Test called: test case Pemakaian fitur cart dari barang yang akan dibeli has started 
2022-01-01 13:47:59,178 INFO  [Log] Test called: test case Fitur checkout pembelian seluruh item barang has started 
2022-01-01 13:49:49,231 INFO  [Log] Test called: test case Register dan Login ke akun https://shop.demoqa.com/ has started 
2022-01-01 13:50:13,236 INFO  [Log] INFO: Navigating to https://shop.demoqa.com/ 
2022-01-01 13:50:20,518 INFO  [Log] Test called: test case Pemakaian fitur cart dari barang yang akan dibeli has started 
2022-01-01 13:50:29,532 INFO  [Log] Test called: test case Fitur checkout pembelian seluruh item barang has started 
2022-01-01 13:57:28,217 INFO  [Log] Test called: test case Register dan Login ke akun https://shop.demoqa.com/ has started 
2022-01-01 13:57:52,499 INFO  [Log] INFO: Navigating to https://shop.demoqa.com/ 
2022-01-01 13:57:59,502 INFO  [Log] Test called: test case Pemakaian fitur cart dari barang yang akan dibeli has started 
2022-01-01 13:58:07,227 INFO  [Log] Test called: test case Fitur checkout pembelian seluruh item barang has started 
2022-01-01 14:03:08,402 INFO  [Log] Test called: test case Register dan Login ke akun https://shop.demoqa.com/ has started 
2022-01-01 14:03:32,043 INFO  [Log] INFO: Navigating to https://shop.demoqa.com/ 
2022-01-01 14:03:42,719 INFO  [Log] Test called: test case Pemakaian fitur cart dari barang yang akan dibeli has started 
2022-01-01 14:03:51,174 INFO  [Log] Test called: test case Fitur checkout pembelian seluruh item barang has started 
2022-01-01 14:07:33,296 INFO  [Log] Test called: test case Register dan Login ke akun https://shop.demoqa.com/ has started 
2022-01-01 14:07:57,461 INFO  [Log] INFO: Navigating to https://shop.demoqa.com/ 
2022-01-01 14:08:05,864 INFO  [Log] Test called: test case Pemakaian fitur cart dari barang yang akan dibeli has started 
2022-01-01 14:08:14,173 INFO  [Log] Test called: test case Fitur checkout pembelian seluruh item barang has started 
2022-01-01 14:11:36,929 INFO  [Log] Test called: test case Register dan Login ke akun https://shop.demoqa.com/ has started 
2022-01-01 14:12:02,640 INFO  [Log] INFO: Navigating to https://shop.demoqa.com/ 
2022-01-01 14:12:10,122 INFO  [Log] Test called: test case Pemakaian fitur cart dari barang yang akan dibeli has started 
2022-01-01 14:12:22,769 INFO  [Log] Test called: test case Fitur checkout pembelian seluruh item barang has started 
2022-01-01 14:12:59,077 INFO  [Log] Test called: test case Register dan Login ke akun https://shop.demoqa.com/ has started 
2022-01-01 14:13:45,301 INFO  [Log] INFO: Navigating to https://shop.demoqa.com/ 
2022-01-01 14:13:53,518 INFO  [Log] Test called: test case Pemakaian fitur cart dari barang yang akan dibeli has started 
2022-01-01 14:14:05,727 INFO  [Log] Test called: test case Fitur checkout pembelian seluruh item barang has started 
2022-01-01 14:16:22,305 INFO  [Log] Test called: test case Register dan Login ke akun https://shop.demoqa.com/ has started 
2022-01-01 14:16:46,236 INFO  [Log] INFO: Navigating to https://shop.demoqa.com/ 
2022-01-01 14:16:54,375 INFO  [Log] Test called: test case Pemakaian fitur cart dari barang yang akan dibeli has started 
2022-01-01 14:17:11,106 INFO  [Log] Test called: test case Fitur checkout pembelian seluruh item barang has started 
2022-01-01 14:30:23,861 INFO  [Log] Test called: test case Register dan Login ke akun https://shop.demoqa.com/ has started 
2022-01-01 14:30:25,422 INFO  [Log] Test called: test case Pemakaian fitur cart dari barang yang akan dibeli has started 
2022-01-01 14:30:37,666 INFO  [Log] Test called: test case Fitur checkout pembelian seluruh item barang has started 
2022-01-01 14:31:07,651 INFO  [Log] Test called: test case Register dan Login ke akun https://shop.demoqa.com/ has started 
2022-01-01 14:31:32,687 INFO  [Log] INFO: Navigating to https://shop.demoqa.com/ 
2022-01-01 14:31:39,260 INFO  [Log] Test called: test case Pemakaian fitur cart dari barang yang akan dibeli has started 
2022-01-01 14:32:24,000 INFO  [Log] Test called: test case Fitur checkout pembelian seluruh item barang has started 
2022-01-01 15:05:26,930 INFO  [Log] Test called: test case Register dan Login ke akun https://shop.demoqa.com/ has started 
2022-01-01 15:05:43,980 INFO  [Log] INFO: Navigating to https://shop.demoqa.com/ 
2022-01-01 15:05:52,616 INFO  [Log] Test called: test case Pemakaian fitur cart dari barang yang akan dibeli has started 
2022-01-01 15:06:37,105 INFO  [Log] Test called: test case Fitur checkout pembelian seluruh item barang has started 
2022-01-01 15:10:35,850 INFO  [Log] Test called: test case Register dan Login ke akun https://shop.demoqa.com/ has started 
2022-01-01 15:11:00,217 INFO  [Log] INFO: Navigating to https://shop.demoqa.com/ 
2022-01-01 15:11:08,848 INFO  [Log] Test called: test case Pemakaian fitur cart dari barang yang akan dibeli has started 
2022-01-01 15:11:58,086 INFO  [Log] Test called: test case Fitur checkout pembelian seluruh item barang has started 
2022-01-01 15:14:06,144 INFO  [Log] Test called: test case Register dan Login ke akun https://shop.demoqa.com/ has started 
2022-01-01 15:14:32,836 INFO  [Log] INFO: Navigating to https://shop.demoqa.com/ 
2022-01-01 15:14:40,499 INFO  [Log] Test called: test case Pemakaian fitur cart dari barang yang akan dibeli has started 
2022-01-01 15:15:28,306 INFO  [Log] Test called: test case Fitur checkout pembelian seluruh item barang has started 
2022-01-01 15:22:44,032 INFO  [Log] Test called: test case Register dan Login ke akun https://shop.demoqa.com/ has started 
2022-01-01 15:23:16,558 INFO  [Log] INFO: Navigating to https://shop.demoqa.com/ 
2022-01-01 15:23:25,631 INFO  [Log] Test called: test case Pemakaian fitur cart dari barang yang akan dibeli has started 
2022-01-01 15:24:22,491 INFO  [Log] Test called: test case Fitur checkout pembelian seluruh item barang has started 
2022-01-01 15:25:01,097 INFO  [Log] Test called: test case Register dan Login ke akun https://shop.demoqa.com/ has started 
2022-01-01 15:25:25,955 INFO  [Log] INFO: Navigating to https://shop.demoqa.com/ 
2022-01-01 15:25:34,365 INFO  [Log] Test called: test case Pemakaian fitur cart dari barang yang akan dibeli has started 
2022-01-01 15:26:34,418 INFO  [Log] Test called: test case Fitur checkout pembelian seluruh item barang has started 
2022-01-01 15:30:34,692 INFO  [Log] Test called: test case Register dan Login ke akun https://shop.demoqa.com/ has started 
2022-01-01 15:31:01,038 INFO  [Log] INFO: Navigating to https://shop.demoqa.com/ 
2022-01-01 15:31:07,754 INFO  [Log] Test called: test case Pemakaian fitur cart dari barang yang akan dibeli has started 
2022-01-01 15:31:35,896 INFO  [Log] Test called: test case Fitur checkout pembelian seluruh item barang has started 
2022-01-01 21:00:10,351 INFO  [Log] Test called: test case Register dan Login ke akun https://shop.demoqa.com/ has started 
2022-01-01 21:00:35,888 INFO  [Log] INFO: Navigating to https://shop.demoqa.com/ 
2022-01-01 21:00:54,082 INFO  [Log] Test called: test case Pemakaian fitur cart dari barang yang akan dibeli has started 
2022-01-01 21:01:50,771 INFO  [Log] Test called: test case Fitur checkout pembelian seluruh item barang has started 
2022-01-01 21:09:05,155 INFO  [Log] Test called: test case Register dan Login ke akun https://shop.demoqa.com/ has started 
2022-01-01 21:09:32,862 INFO  [Log] INFO: Navigating to https://shop.demoqa.com/ 
2022-01-01 21:09:40,905 INFO  [Log] Test called: test case Pemakaian fitur cart dari barang yang akan dibeli has started 
2022-01-01 21:10:28,473 INFO  [Log] Test called: test case Fitur checkout pembelian seluruh item barang has started 
2022-01-01 21:11:23,163 INFO  [Log] Test called: test case Register dan Login ke akun https://shop.demoqa.com/ has started 
2022-01-01 21:12:08,812 INFO  [Log] INFO: Navigating to https://shop.demoqa.com/ 
2022-01-01 21:12:24,687 INFO  [Log] Test called: test case Pemakaian fitur cart dari barang yang akan dibeli has started 
2022-01-01 21:12:31,438 INFO  [Log] Test called: test case Fitur checkout pembelian seluruh item barang has started 
2022-01-01 21:34:06,586 INFO  [Log] Test called: test case Register dan Login ke akun https://shop.demoqa.com/ has started 
2022-01-01 21:34:31,504 INFO  [Log] INFO: Navigating to https://shop.demoqa.com/ 
2022-01-01 21:34:38,633 INFO  [Log] Test called: test case Pemakaian fitur cart dari barang yang akan dibeli has started 
2022-01-01 21:34:47,506 INFO  [Log] Test called: test case Fitur checkout pembelian seluruh item barang has started 
2022-01-01 21:35:41,329 INFO  [Log] Test called: test case Register dan Login ke akun https://shop.demoqa.com/ has started 
2022-01-01 21:36:25,953 INFO  [Log] INFO: Navigating to https://shop.demoqa.com/ 
2022-01-01 21:36:30,712 INFO  [Log] Test called: test case Pemakaian fitur cart dari barang yang akan dibeli has started 
2022-01-01 21:36:33,534 INFO  [Log] Test called: test case Fitur checkout pembelian seluruh item barang has started 
2022-01-01 21:37:33,016 INFO  [Log] Test called: test case Register dan Login ke akun https://shop.demoqa.com/ has started 
2022-01-01 21:37:59,471 INFO  [Log] INFO: Navigating to https://shop.demoqa.com/ 
2022-01-01 21:38:07,572 INFO  [Log] Test called: test case Pemakaian fitur cart dari barang yang akan dibeli has started 
2022-01-01 21:38:17,469 INFO  [Log] Test called: test case Fitur checkout pembelian seluruh item barang has started 
2022-01-01 21:39:43,145 INFO  [Log] Test called: test case Register dan Login ke akun https://shop.demoqa.com/ has started 
2022-01-01 21:40:12,199 INFO  [Log] INFO: Navigating to https://shop.demoqa.com/ 
2022-01-01 21:40:18,285 INFO  [Log] Test called: test case Pemakaian fitur cart dari barang yang akan dibeli has started 
2022-01-01 21:40:26,094 INFO  [Log] Test called: test case Fitur checkout pembelian seluruh item barang has started 
2022-01-01 21:42:08,526 INFO  [Log] Test called: test case Register dan Login ke akun https://shop.demoqa.com/ has started 
2022-01-01 21:42:32,940 INFO  [Log] INFO: Navigating to https://shop.demoqa.com/ 
2022-01-01 21:42:43,807 INFO  [Log] Test called: test case Pemakaian fitur cart dari barang yang akan dibeli has started 
2022-01-01 21:42:48,953 INFO  [Log] Test called: test case Fitur checkout pembelian seluruh item barang has started 
2022-01-01 21:46:53,391 INFO  [Log] Test called: test case Register dan Login ke akun https://shop.demoqa.com/ has started 
2022-01-01 21:47:19,702 INFO  [Log] INFO: Navigating to https://shop.demoqa.com/ 
2022-01-01 21:47:29,364 INFO  [Log] Test called: test case Pemakaian fitur cart dari barang yang akan dibeli has started 
2022-01-01 21:47:39,941 INFO  [Log] Test called: test case Fitur checkout pembelian seluruh item barang has started 
2022-01-01 21:49:30,033 INFO  [Log] Test called: test case Register dan Login ke akun https://shop.demoqa.com/ has started 
2022-01-01 21:49:55,666 INFO  [Log] INFO: Navigating to https://shop.demoqa.com/ 
2022-01-01 21:50:09,203 INFO  [Log] Test called: test case Pemakaian fitur cart dari barang yang akan dibeli has started 
2022-01-01 21:50:28,031 INFO  [Log] Test called: test case Fitur checkout pembelian seluruh item barang has started 
2022-01-01 21:51:32,227 INFO  [Log] Test called: test case Register dan Login ke akun https://shop.demoqa.com/ has started 
2022-01-01 21:52:00,812 INFO  [Log] INFO: Navigating to https://shop.demoqa.com/ 
2022-01-01 21:52:10,433 INFO  [Log] Test called: test case Pemakaian fitur cart dari barang yang akan dibeli has started 
2022-01-01 21:52:28,423 INFO  [Log] Test called: test case Fitur checkout pembelian seluruh item barang has started 
2022-01-01 22:08:29,722 INFO  [Log] Test called: test case Register dan Login ke akun https://shop.demoqa.com/ has started 
2022-01-01 22:08:55,474 INFO  [Log] INFO: Navigating to https://shop.demoqa.com/ 
2022-01-01 22:09:06,521 INFO  [Log] Test called: test case Pemakaian fitur cart dari barang yang akan dibeli has started 
2022-01-01 22:09:38,060 INFO  [Log] Test called: test case Fitur checkout pembelian seluruh item barang has started 
2022-01-01 22:14:02,598 INFO  [Log] Test called: test case Register dan Login ke akun https://shop.demoqa.com/ has started 
2022-01-01 22:14:31,520 INFO  [Log] INFO: Navigating to https://shop.demoqa.com/ 
2022-01-01 22:14:43,495 INFO  [Log] Test called: test case Pemakaian fitur cart dari barang yang akan dibeli has started 
2022-01-01 22:15:09,205 INFO  [Log] Test called: test case Fitur checkout pembelian seluruh item barang has started 
